{"D:\\Projects\\carbon-emissions-intelligence-platform\\frontend\\src\\App.tsx": {"path":"D:\\Projects\\carbon-emissions-intelligence-platform\\frontend\\src\\App.tsx","statementMap":{"0":{"start":{"line":4,"column":2},"end":{"line":8,"column":4}}},"fnMap":{"0":{"name":"App","decl":{"start":{"line":3,"column":9},"end":{"line":3,"column":12}},"loc":{"start":{"line":3,"column":15},"end":{"line":9,"column":1}},"line":3}},"branchMap":{},"s":{"0":0},"f":{"0":0},"b":{}}
,"D:\\Projects\\carbon-emissions-intelligence-platform\\frontend\\src\\index.tsx": {"path":"D:\\Projects\\carbon-emissions-intelligence-platform\\frontend\\src\\index.tsx","statementMap":{"0":{"start":{"line":6,"column":0},"end":{"line":10,"column":2}}},"fnMap":{},"branchMap":{},"s":{"0":0},"f":{},"b":{}}
,"D:\\Projects\\carbon-emissions-intelligence-platform\\frontend\\src\\components\\EmissionsDashboard.tsx": {"path":"D:\\Projects\\carbon-emissions-intelligence-platform\\frontend\\src\\components\\EmissionsDashboard.tsx","statementMap":{"0":{"start":{"line":13,"column":34},"end":{"line":47,"column":1}},"1":{"start":{"line":14,"column":36},"end":{"line":14,"column":60}},"2":{"start":{"line":16,"column":2},"end":{"line":20,"column":9}},"3":{"start":{"line":17,"column":4},"end":{"line":19,"column":7}},"4":{"start":{"line":18,"column":6},"end":{"line":18,"column":31}},"5":{"start":{"line":22,"column":2},"end":{"line":46,"column":4}},"6":{"start":{"line":36,"column":12},"end":{"line":41,"column":23}}},"fnMap":{"0":{"name":"(anonymous_0)","decl":{"start":{"line":13,"column":34},"end":{"line":13,"column":35}},"loc":{"start":{"line":13,"column":40},"end":{"line":47,"column":1}},"line":13},"1":{"name":"(anonymous_1)","decl":{"start":{"line":16,"column":12},"end":{"line":16,"column":13}},"loc":{"start":{"line":16,"column":18},"end":{"line":20,"column":3}},"line":16},"2":{"name":"(anonymous_2)","decl":{"start":{"line":17,"column":42},"end":{"line":17,"column":43}},"loc":{"start":{"line":17,"column":51},"end":{"line":19,"column":5}},"line":17},"3":{"name":"(anonymous_3)","decl":{"start":{"line":35,"column":25},"end":{"line":35,"column":26}},"loc":{"start":{"line":36,"column":12},"end":{"line":41,"column":23}},"line":36}},"branchMap":{},"s":{"0":0,"1":0,"2":0,"3":0,"4":0,"5":0,"6":0},"f":{"0":0,"1":0,"2":0,"3":0},"b":{}}
}
